<?xml version="1.0" encoding="UTF-8"?>
<coverage generated="1564826440863" clover="3.2.0">
  <project timestamp="1564826440864" name="All files">
    <metrics statements="28" coveredstatements="6" conditionals="2" coveredconditionals="1" methods="14" coveredmethods="2" elements="44" coveredelements="9" complexity="0" loc="28" ncloc="28" packages="3" files="7" classes="7">
      <package name="components">
        <metrics statements="17" coveredstatements="6" conditionals="2" coveredconditionals="1" methods="8" coveredmethods="2"/>
        <file name="Login.vue" path="/home/pablo/Escritorio/webChat_project/webChat-front/src/components/Login.vue">
          <metrics statements="8" coveredstatements="6" conditionals="2" coveredconditionals="1" methods="2" coveredmethods="2"/>
          <line num="12" count="1" type="stmt"/>
          <line num="13" count="1" type="stmt"/>
          <line num="14" count="1" type="stmt"/>
          <line num="18" count="3" type="stmt"/>
          <line num="25" count="2" type="stmt"/>
          <line num="26" count="2" type="cond" truecount="1" falsecount="1"/>
          <line num="27" count="0" type="stmt"/>
          <line num="28" count="0" type="stmt"/>
        </file>
        <file name="NewRoomModal.vue" path="/home/pablo/Escritorio/webChat_project/webChat-front/src/components/NewRoomModal.vue">
          <metrics statements="3" coveredstatements="0" conditionals="0" coveredconditionals="0" methods="3" coveredmethods="0"/>
          <line num="48" count="0" type="stmt"/>
          <line num="54" count="0" type="stmt"/>
          <line num="58" count="0" type="stmt"/>
        </file>
        <file name="Room.vue" path="/home/pablo/Escritorio/webChat_project/webChat-front/src/components/Room.vue">
          <metrics statements="1" coveredstatements="0" conditionals="0" coveredconditionals="0" methods="1" coveredmethods="0"/>
          <line num="8" count="0" type="stmt"/>
        </file>
        <file name="RoomElement.vue" path="/home/pablo/Escritorio/webChat_project/webChat-front/src/components/RoomElement.vue">
          <metrics statements="1" coveredstatements="0" conditionals="0" coveredconditionals="0" methods="0" coveredmethods="0"/>
          <line num="7" count="0" type="stmt"/>
        </file>
        <file name="RoomsList.vue" path="/home/pablo/Escritorio/webChat_project/webChat-front/src/components/RoomsList.vue">
          <metrics statements="4" coveredstatements="0" conditionals="0" coveredconditionals="0" methods="2" coveredmethods="0"/>
          <line num="18" count="0" type="stmt"/>
          <line num="22" count="0" type="stmt"/>
          <line num="23" count="0" type="stmt"/>
          <line num="30" count="0" type="stmt"/>
        </file>
      </package>
      <package name="components.layout">
        <metrics statements="4" coveredstatements="0" conditionals="0" coveredconditionals="0" methods="3" coveredmethods="0"/>
        <file name="RoomNavbar.vue" path="/home/pablo/Escritorio/webChat_project/webChat-front/src/components/layout/RoomNavbar.vue">
          <metrics statements="4" coveredstatements="0" conditionals="0" coveredconditionals="0" methods="3" coveredmethods="0"/>
          <line num="9" count="0" type="stmt"/>
          <line num="16" count="0" type="stmt"/>
          <line num="22" count="0" type="stmt"/>
          <line num="25" count="0" type="stmt"/>
        </file>
      </package>
      <package name="store">
        <metrics statements="7" coveredstatements="0" conditionals="0" coveredconditionals="0" methods="3" coveredmethods="0"/>
        <file name="store.js" path="/home/pablo/Escritorio/webChat_project/webChat-front/src/store/store.js">
          <metrics statements="7" coveredstatements="0" conditionals="0" coveredconditionals="0" methods="3" coveredmethods="0"/>
          <line num="1" count="0" type="stmt"/>
          <line num="2" count="0" type="stmt"/>
          <line num="4" count="0" type="stmt"/>
          <line num="6" count="0" type="stmt"/>
          <line num="13" count="0" type="stmt"/>
          <line num="18" count="0" type="stmt"/>
          <line num="21" count="0" type="stmt"/>
        </file>
      </package>
    </metrics>
  </project>
</coverage>
