{"/home/pablo/Escritorio/webChat_project/webChat-front/src/components/Login.vue": {"path":"/home/pablo/Escritorio/webChat_project/webChat-front/src/components/Login.vue","statementMap":{"0":{"start":{"line":12,"column":0},"end":{"line":null,"column":-1}},"1":{"start":{"line":13,"column":0},"end":{"line":null,"column":-1}},"2":{"start":{"line":14,"column":0},"end":{"line":null,"column":-1}},"3":{"start":{"line":18,"column":0},"end":{"line":null,"column":-1}},"4":{"start":{"line":25,"column":0},"end":{"line":null,"column":-1}},"5":{"start":{"line":26,"column":0},"end":{"line":29,"column":0}},"6":{"start":{"line":27,"column":0},"end":{"line":null,"column":-1}},"7":{"start":{"line":28,"column":0},"end":{"line":null,"column":-1}}},"fnMap":{"0":{"name":"data","decl":{"start":{"line":17,"column":0},"end":{"line":null,"column":-1}},"loc":{"start":{"line":17,"column":0},"end":{"line":22,"column":0}}},"1":{"name":"login","decl":{"start":{"line":24,"column":0},"end":{"line":null,"column":-1}},"loc":{"start":{"line":24,"column":0},"end":{"line":30,"column":0}}}},"branchMap":{"0":{"loc":{"start":{"line":26,"column":0},"end":{"line":29,"column":0}},"type":"if","locations":[{"start":{"line":26,"column":0},"end":{"line":29,"column":0}},{"start":{"line":26,"column":0},"end":{"line":29,"column":0}}]}},"s":{"0":1,"1":1,"2":1,"3":3,"4":2,"5":2,"6":0,"7":0},"f":{"0":3,"1":2},"b":{"0":[0,2]}}
,"/home/pablo/Escritorio/webChat_project/webChat-front/src/components/NewRoomModal.vue": {"path":"/home/pablo/Escritorio/webChat_project/webChat-front/src/components/NewRoomModal.vue","statementMap":{"0":{"start":{"line":48,"column":0},"end":{"line":null,"column":-1}},"1":{"start":{"line":54,"column":0},"end":{"line":null,"column":-1}},"2":{"start":{"line":58,"column":0},"end":{"line":null,"column":-1}}},"fnMap":{"0":{"name":"data","decl":{"start":{"line":47,"column":0},"end":{"line":null,"column":-1}},"loc":{"start":{"line":47,"column":0},"end":{"line":51,"column":0}}},"1":{"name":"close","decl":{"start":{"line":53,"column":0},"end":{"line":null,"column":-1}},"loc":{"start":{"line":53,"column":0},"end":{"line":55,"column":0}}},"2":{"name":"save","decl":{"start":{"line":56,"column":0},"end":{"line":null,"column":-1}},"loc":{"start":{"line":56,"column":0},"end":{"line":59,"column":0}}}},"branchMap":{},"s":{"0":0,"1":0,"2":0},"f":{"0":0,"1":0,"2":0},"b":{}}
,"/home/pablo/Escritorio/webChat_project/webChat-front/src/components/Room.vue": {"path":"/home/pablo/Escritorio/webChat_project/webChat-front/src/components/Room.vue","statementMap":{"0":{"start":{"line":8,"column":0},"end":{"line":null,"column":-1}}},"fnMap":{"0":{"name":"data","decl":{"start":{"line":7,"column":0},"end":{"line":null,"column":-1}},"loc":{"start":{"line":7,"column":0},"end":{"line":11,"column":0}}}},"branchMap":{},"s":{"0":0},"f":{"0":0},"b":{}}
,"/home/pablo/Escritorio/webChat_project/webChat-front/src/components/RoomElement.vue": {"path":"/home/pablo/Escritorio/webChat_project/webChat-front/src/components/RoomElement.vue","statementMap":{"0":{"start":{"line":7,"column":0},"end":{"line":null,"column":-1}}},"fnMap":{},"branchMap":{},"s":{"0":0},"f":{},"b":{}}
,"/home/pablo/Escritorio/webChat_project/webChat-front/src/components/RoomsList.vue": {"path":"/home/pablo/Escritorio/webChat_project/webChat-front/src/components/RoomsList.vue","statementMap":{"0":{"start":{"line":18,"column":0},"end":{"line":null,"column":-1}},"1":{"start":{"line":22,"column":0},"end":{"line":null,"column":-1}},"2":{"start":{"line":23,"column":0},"end":{"line":null,"column":-1}},"3":{"start":{"line":30,"column":0},"end":{"line":null,"column":-1}}},"fnMap":{"0":{"name":"beforeMount","decl":{"start":{"line":21,"column":0},"end":{"line":null,"column":-1}},"loc":{"start":{"line":21,"column":0},"end":{"line":24,"column":0}}},"1":{"name":"data","decl":{"start":{"line":29,"column":0},"end":{"line":null,"column":-1}},"loc":{"start":{"line":29,"column":0},"end":{"line":39,"column":0}}}},"branchMap":{},"s":{"0":0,"1":0,"2":0,"3":0},"f":{"0":0,"1":0},"b":{}}
,"/home/pablo/Escritorio/webChat_project/webChat-front/src/components/layout/RoomNavbar.vue": {"path":"/home/pablo/Escritorio/webChat_project/webChat-front/src/components/layout/RoomNavbar.vue","statementMap":{"0":{"start":{"line":9,"column":0},"end":{"line":null,"column":-1}},"1":{"start":{"line":16,"column":0},"end":{"line":null,"column":-1}},"2":{"start":{"line":22,"column":0},"end":{"line":null,"column":-1}},"3":{"start":{"line":25,"column":0},"end":{"line":null,"column":-1}}},"fnMap":{"0":{"name":"data","decl":{"start":{"line":15,"column":0},"end":{"line":null,"column":-1}},"loc":{"start":{"line":15,"column":0},"end":{"line":19,"column":0}}},"1":{"name":"showModal","decl":{"start":{"line":21,"column":0},"end":{"line":null,"column":-1}},"loc":{"start":{"line":21,"column":0},"end":{"line":23,"column":0}}},"2":{"name":"closeModal","decl":{"start":{"line":24,"column":0},"end":{"line":null,"column":-1}},"loc":{"start":{"line":24,"column":0},"end":{"line":26,"column":0}}}},"branchMap":{},"s":{"0":0,"1":0,"2":0,"3":0},"f":{"0":0,"1":0,"2":0},"b":{}}
,"/home/pablo/Escritorio/webChat_project/webChat-front/src/store/store.js": {"path":"/home/pablo/Escritorio/webChat_project/webChat-front/src/store/store.js","statementMap":{"0":{"start":{"line":1,"column":0},"end":{"line":null,"column":-1}},"1":{"start":{"line":2,"column":0},"end":{"line":null,"column":-1}},"2":{"start":{"line":4,"column":0},"end":{"line":null,"column":-1}},"3":{"start":{"line":6,"column":13},"end":{"line":6,"column":7}},"4":{"start":{"line":13,"column":6},"end":{"line":null,"column":-1}},"5":{"start":{"line":18,"column":6},"end":{"line":null,"column":-1}},"6":{"start":{"line":21,"column":6},"end":{"line":null,"column":-1}}},"fnMap":{"0":{"name":"currentUser","decl":{"start":{"line":12,"column":17},"end":{"line":12,"column":25}},"loc":{"start":{"line":12,"column":26},"end":{"line":11,"column":11}}},"1":{"name":"setUser","decl":{"start":{"line":16,"column":13},"end":{"line":17,"column":12}},"loc":{"start":{"line":17,"column":26},"end":{"line":16,"column":13}}},"2":{"name":"setRoom","decl":{"start":{"line":16,"column":13},"end":{"line":20,"column":12}},"loc":{"start":{"line":20,"column":26},"end":{"line":16,"column":13}}}},"branchMap":{},"s":{"0":0,"1":0,"2":0,"3":0,"4":0,"5":0,"6":0},"f":{"0":0,"1":0,"2":0},"b":{}}
}
