TN:
SF:/home/pablo/Escritorio/webChat_project/webChat-front/src/components/Login.vue
FN:17,data
FN:24,login
FNF:2
FNH:2
FNDA:3,data
FNDA:2,login
DA:12,1
DA:13,1
DA:14,1
DA:18,3
DA:25,2
DA:26,2
DA:27,0
DA:28,0
LF:8
LH:6
BRDA:26,0,0,0
BRDA:26,0,1,2
BRF:2
BRH:1
end_of_record
TN:
SF:/home/pablo/Escritorio/webChat_project/webChat-front/src/components/NewRoomModal.vue
FN:47,data
FN:53,close
FN:56,save
FNF:3
FNH:0
FNDA:0,data
FNDA:0,close
FNDA:0,save
DA:48,0
DA:54,0
DA:58,0
LF:3
LH:0
BRF:0
BRH:0
end_of_record
TN:
SF:/home/pablo/Escritorio/webChat_project/webChat-front/src/components/Room.vue
FN:7,data
FNF:1
FNH:0
FNDA:0,data
DA:8,0
LF:1
LH:0
BRF:0
BRH:0
end_of_record
TN:
SF:/home/pablo/Escritorio/webChat_project/webChat-front/src/components/RoomElement.vue
FNF:0
FNH:0
DA:7,0
LF:1
LH:0
BRF:0
BRH:0
end_of_record
TN:
SF:/home/pablo/Escritorio/webChat_project/webChat-front/src/components/RoomsList.vue
FN:21,beforeMount
FN:29,data
FNF:2
FNH:0
FNDA:0,beforeMount
FNDA:0,data
DA:18,0
DA:22,0
DA:23,0
DA:30,0
LF:4
LH:0
BRF:0
BRH:0
end_of_record
TN:
SF:/home/pablo/Escritorio/webChat_project/webChat-front/src/components/layout/RoomNavbar.vue
FN:15,data
FN:21,showModal
FN:24,closeModal
FNF:3
FNH:0
FNDA:0,data
FNDA:0,showModal
FNDA:0,closeModal
DA:9,0
DA:16,0
DA:22,0
DA:25,0
LF:4
LH:0
BRF:0
BRH:0
end_of_record
TN:
SF:/home/pablo/Escritorio/webChat_project/webChat-front/src/store/store.js
FN:12,currentUser
FN:16,setUser
FN:16,setRoom
FNF:3
FNH:0
FNDA:0,currentUser
FNDA:0,setUser
FNDA:0,setRoom
DA:1,0
DA:2,0
DA:4,0
DA:6,0
DA:13,0
DA:18,0
DA:21,0
LF:7
LH:0
BRF:0
BRH:0
end_of_record
